<?xml version="1.0" encoding="UTF-8"?>
<testsuite xmlns:xsi="http://www.w3.org/2001/XMLSchema-instance" xsi:noNamespaceSchemaLocation="https://maven.apache.org/surefire/maven-surefire-plugin/xsd/surefire-test-report-3.0.xsd" version="3.0" name="com.lvchenglong.blogbackend.BlogBackendApplicationTests" time="3.123" tests="1" errors="0" skipped="0" failures="0">
  <properties>
[...]
</properties>
  <testcase name="contextLoads" classname="com.lvchenglong.blogbackend.BlogBackendApplicationTests" time="0.246">
    <system-out><![CDATA[02:05:58.849 [main] DEBUG org.springframework.test.context.BootstrapUtils - Instantiating CacheAwareContextLoaderDelegate from class [org.springframework.test.context.cache.DefaultCacheAwareContextLoaderDelegate]
02:05:58.854 [main] DEBUG org.springframework.test.context.BootstrapUtils - Instantiating BootstrapContext using constructor [public org.springframework.test.context.support.DefaultBootstrapContext(java.lang.Class,org.springframework.test.context.CacheAwareContextLoaderDelegate)]
02:05:58.870 [main] DEBUG org.springframework.test.context.BootstrapUtils - Instantiating TestContextBootstrapper for test class [com.lvchenglong.blogbackend.BlogBackendApplicationTests] from class [org.springframework.boot.test.context.SpringBootTestContextBootstrapper]
02:05:58.877 [main] INFO org.springframework.boot.test.context.SpringBootTestContextBootstrapper - Neither @ContextConfiguration nor @ContextHierarchy found for test class [com.lvchenglong.blogbackend.BlogBackendApplicationTests], using SpringBootContextLoader
02:05:58.878 [main] DEBUG org.springframework.test.context.support.AbstractContextLoader - Did not detect default resource location for test class [com.lvchenglong.blogbackend.BlogBackendApplicationTests]: class path resource [com/lvchenglong/blogbackend/BlogBackendApplicationTests-context.xml] does not exist
02:05:58.879 [main] DEBUG org.springframework.test.context.support.AbstractContextLoader - Did not detect default resource location for test class [com.lvchenglong.blogbackend.BlogBackendApplicationTests]: class path resource [com/lvchenglong/blogbackend/BlogBackendApplicationTestsContext.groovy] does not exist
02:05:58.879 [main] INFO org.springframework.test.context.support.AbstractContextLoader - Could not detect default resource locations for test class [com.lvchenglong.blogbackend.BlogBackendApplicationTests]: no resource found for suffixes {-context.xml, Context.groovy}.
02:05:58.879 [main] INFO org.springframework.test.context.support.AnnotationConfigContextLoaderUtils - Could not detect default configuration classes for test class [com.lvchenglong.blogbackend.BlogBackendApplicationTests]: BlogBackendApplicationTests does not declare any static, non-private, non-final, nested classes annotated with @Configuration.
02:05:58.901 [main] DEBUG org.springframework.test.context.support.ActiveProfilesUtils - Could not find an 'annotation declaring class' for annotation type [org.springframework.test.context.ActiveProfiles] and class [com.lvchenglong.blogbackend.BlogBackendApplicationTests]
02:05:58.940 [main] DEBUG org.springframework.context.annotation.ClassPathScanningCandidateComponentProvider - Identified candidate component class: file [D:\Java_Projects\MYBLOG\backend\blog-backend\target\classes\com\lvchenglong\blogbackend\BlogBackendApplication.class]
02:05:58.941 [main] INFO org.springframework.boot.test.context.SpringBootTestContextBootstrapper - Found @SpringBootConfiguration com.lvchenglong.blogbackend.BlogBackendApplication for test class com.lvchenglong.blogbackend.BlogBackendApplicationTests
02:05:58.995 [main] DEBUG org.springframework.boot.test.context.SpringBootTestContextBootstrapper - @TestExecutionListeners is not present for class [com.lvchenglong.blogbackend.BlogBackendApplicationTests]: using defaults.
02:05:58.995 [main] INFO org.springframework.boot.test.context.SpringBootTestContextBootstrapper - Loaded default TestExecutionListener class names from location [META-INF/spring.factories]: [org.springframework.boot.test.mock.mockito.MockitoTestExecutionListener, org.springframework.boot.test.mock.mockito.ResetMocksTestExecutionListener, org.springframework.boot.test.autoconfigure.restdocs.RestDocsTestExecutionListener, org.springframework.boot.test.autoconfigure.web.client.MockRestServiceServerResetTestExecutionListener, org.springframework.boot.test.autoconfigure.web.servlet.MockMvcPrintOnlyOnFailureTestExecutionListener, org.springframework.boot.test.autoconfigure.web.servlet.WebDriverTestExecutionListener, org.springframework.boot.test.autoconfigure.webservices.client.MockWebServiceServerTestExecutionListener, org.springframework.test.context.web.ServletTestExecutionListener, org.springframework.test.context.support.DirtiesContextBeforeModesTestExecutionListener, org.springframework.test.context.event.ApplicationEventsTestExecutionListener, org.springframework.test.context.support.DependencyInjectionTestExecutionListener, org.springframework.test.context.support.DirtiesContextTestExecutionListener, org.springframework.test.context.transaction.TransactionalTestExecutionListener, org.springframework.test.context.jdbc.SqlScriptsTestExecutionListener, org.springframework.test.context.event.EventPublishingTestExecutionListener]
02:05:59.003 [main] INFO org.springframework.boot.test.context.SpringBootTestContextBootstrapper - Using TestExecutionListeners: [org.springframework.test.context.web.ServletTestExecutionListener@48b67364, org.springframework.test.context.support.DirtiesContextBeforeModesTestExecutionListener@189cbd7c, org.springframework.test.context.event.ApplicationEventsTestExecutionListener@7bf3a5d8, org.springframework.boot.test.mock.mockito.MockitoTestExecutionListener@42e25b0b, org.springframework.boot.test.autoconfigure.SpringBootDependencyInjectionTestExecutionListener@39b43d60, org.springframework.test.context.support.DirtiesContextTestExecutionListener@44be0077, org.springframework.test.context.transaction.TransactionalTestExecutionListener@2205a05d, org.springframework.test.context.jdbc.SqlScriptsTestExecutionListener@72ef8d15, org.springframework.test.context.event.EventPublishingTestExecutionListener@6aa8e115, org.springframework.boot.test.mock.mockito.ResetMocksTestExecutionListener@5e21e98f, org.springframework.boot.test.autoconfigure.restdocs.RestDocsTestExecutionListener@51a9ad5e, org.springframework.boot.test.autoconfigure.web.client.MockRestServiceServerResetTestExecutionListener@5f20155b, org.springframework.boot.test.autoconfigure.web.servlet.MockMvcPrintOnlyOnFailureTestExecutionListener@72ade7e3, org.springframework.boot.test.autoconfigure.web.servlet.WebDriverTestExecutionListener@239105a8, org.springframework.boot.test.autoconfigure.webservices.client.MockWebServiceServerTestExecutionListener@3fce8fd9]
02:05:59.005 [main] DEBUG org.springframework.test.context.support.AbstractDirtiesContextTestExecutionListener - Before test class: context [DefaultTestContext@64e7619d testClass = BlogBackendApplicationTests, testInstance = [null], testMethod = [null], testException = [null], mergedContextConfiguration = [WebMergedContextConfiguration@495ee280 testClass = BlogBackendApplicationTests, locations = '{}', classes = '{class com.lvchenglong.blogbackend.BlogBackendApplication}', contextInitializerClasses = '[]', activeProfiles = '{}', propertySourceLocations = '{}', propertySourceProperties = '{org.springframework.boot.test.context.SpringBootTestContextBootstrapper=true}', contextCustomizers = set[org.springframework.boot.test.context.filter.ExcludeFilterContextCustomizer@61322f9d, org.springframework.boot.test.json.DuplicateJsonObjectContextCustomizerFactory$DuplicateJsonObjectContextCustomizer@7817fd62, org.springframework.boot.test.mock.mockito.MockitoContextCustomizer@0, org.springframework.boot.test.web.client.TestRestTemplateContextCustomizer@3d34d211, org.springframework.boot.test.autoconfigure.actuate.metrics.MetricsExportContextCustomizerFactory$DisableMetricExportContextCustomizer@63475ace, org.springframework.boot.test.autoconfigure.properties.PropertyMappingContextCustomizer@0, org.springframework.boot.test.autoconfigure.web.servlet.WebDriverContextCustomizerFactory$Customizer@291caca8, org.springframework.boot.test.context.SpringBootTestArgs@1, org.springframework.boot.test.context.SpringBootTestWebEnvironment@1e6d1014], resourceBasePath = 'src/main/webapp', contextLoader = 'org.springframework.boot.test.context.SpringBootContextLoader', parent = [null]], attributes = map['org.springframework.test.context.web.ServletTestExecutionListener.activateListener' -> true]], class annotated with @DirtiesContext [false] with mode [null].

  .   ____          _            __ _ _
 /\\ / ___'_ __ _ _(_)_ __  __ _ \ \ \ \
( ( )\___ | '_ | '_| | '_ \/ _` | \ \ \ \
 \\/  ___)| |_)| | | | | || (_| |  ) ) ) )
  '  |____| .__|_| |_|_| |_\__, | / / / /
 =========|_|==============|___/=/_/_/_/
 :: Spring Boot ::               (v2.6.13)

2024-06-21 02:05:59.209  INFO 81660 --- [           main] c.l.b.BlogBackendApplicationTests        : Starting BlogBackendApplicationTests using Java 1.8.0_321 on LAPTOP-P9DR836P with PID 81660 (started by JackieCheng in D:\Java_Projects\MYBLOG\backend\blog-backend)
2024-06-21 02:05:59.209  INFO 81660 --- [           main] c.l.b.BlogBackendApplicationTests        : The following 1 profile is active: "email"
2024-06-21 02:05:59.604  INFO 81660 --- [           main] .s.d.r.c.RepositoryConfigurationDelegate : Multiple Spring Data modules found, entering strict repository configuration mode
2024-06-21 02:05:59.607  INFO 81660 --- [           main] .s.d.r.c.RepositoryConfigurationDelegate : Bootstrapping Spring Data Redis repositories in DEFAULT mode.
2024-06-21 02:05:59.624  INFO 81660 --- [           main] .s.d.r.c.RepositoryConfigurationDelegate : Finished Spring Data repository scanning in 6 ms. Found 0 Redis repository interfaces.
Logging initialized using 'class org.apache.ibatis.logging.stdout.StdOutImpl' adapter.
Parsed mapper file: 'file [D:\Java_Projects\MYBLOG\backend\blog-backend\target\classes\mapper\ActivityMapper.xml]'
Parsed mapper file: 'file [D:\Java_Projects\MYBLOG\backend\blog-backend\target\classes\mapper\ActivitySignMapper.xml]'
Parsed mapper file: 'file [D:\Java_Projects\MYBLOG\backend\blog-backend\target\classes\mapper\AdminMapper.xml]'
Parsed mapper file: 'file [D:\Java_Projects\MYBLOG\backend\blog-backend\target\classes\mapper\BlogMapper.xml]'
Parsed mapper file: 'file [D:\Java_Projects\MYBLOG\backend\blog-backend\target\classes\mapper\CategoryMapper.xml]'
Parsed mapper file: 'file [D:\Java_Projects\MYBLOG\backend\blog-backend\target\classes\mapper\CollectMapper.xml]'
Parsed mapper file: 'file [D:\Java_Projects\MYBLOG\backend\blog-backend\target\classes\mapper\CommentMapper.xml]'
Parsed mapper file: 'file [D:\Java_Projects\MYBLOG\backend\blog-backend\target\classes\mapper\LikesMapper.xml]'
Parsed mapper file: 'file [D:\Java_Projects\MYBLOG\backend\blog-backend\target\classes\mapper\NoticeMapper.xml]'
Parsed mapper file: 'file [D:\Java_Projects\MYBLOG\backend\blog-backend\target\classes\mapper\UserMapper.xml]'


,------.                           ,--.  ,--.         ,--.                         
|  .--. '  ,--,--.  ,---.   ,---.  |  '--'  |  ,---.  |  |  ,---.   ,---.  ,--.--. 
|  '--' | ' ,-.  | | .-. | | .-. : |  .--.  | | .-. : |  | | .-. | | .-. : |  .--' 
|  | --'  \ '-'  | ' '-' ' \   --. |  |  |  | \   --. |  | | '-' ' \   --. |  |    
`--'       `--`--' .`-  /   `----' `--'  `--'  `----' `--' |  |-'   `----' `--'    
                   `---'                                   `--'                        is intercepting.

2024-06-21 02:06:01.680  INFO 81660 --- [           main] c.l.b.BlogBackendApplicationTests        : Started BlogBackendApplicationTests in 2.657 seconds (JVM running for 3.145)
]]></system-out>
  </testcase>
</testsuite>